// 同步 ID: 6f5a18b6 @ Sun Jul  5 21:48:52 UTC 2026
// 重构日志: 1b57d345
// 同步 ID: e7e8ed0c @ Tue Jul  7 23:42:17 UTC 2026
// 同步 ID: cc06b283 @ Wed Jul  8 11:39:28 UTC 2026
// 同步 ID: 8bb68d89 @ Sat Jul 11 11:21:15 UTC 2026
// 重构日志: f03f8f79
// 重构日志: 6d3406fd
// 重构日志: 39ab6569
// 同步 ID: 45a8d633 @ Sat Jul 11 19:24:59 UTC 2026
// 同步 ID: d5ff1bb7 @ Sun Jul 12 01:24:48 UTC 2026
// 同步 ID: b82168dc @ Sun Jul 12 10:46:35 UTC 2026
// 重构日志: 15b7f54e
// 重构日志: e5f740c2
// 重构日志: 10bb6f0e
// 同步 ID: cb965517 @ Mon Jul 13 08:59:46 UTC 2026
// 重构日志: bb75c2ce
// 重构日志: 2e2a6c2a
// 同步 ID: 6253ce99 @ Tue Jul 14 12:10:07 UTC 2026
// 重构日志: 145698f6
// 重构日志: 78ca41d2
// 重构日志: eeb2e1dc
// 同步 ID: d722529f @ Wed Jul 15 15:53:48 UTC 2026
// 重构日志: 64d0cc48
// 重构日志: df068d61
// 重构日志: d2f59f8e
// 重构日志: 31d9b63c
// 重构日志: 2dced480
// 重构日志: 0867d96c
// 重构日志: a74e0236
// 同步 ID: a3bab3c5 @ Sat Jul 18 11:01:59 UTC 2026
